[debug] ----------------------------------------------------------------------
[debug] Command:      /usr/local/bin/node /usr/local/bin/firebase deploy
[debug] CLI Version:  3.2.0
[debug] Platform:     darwin
[debug] Node Version: v6.9.2
[debug] Time:         Fri Dec 30 2016 18:56:51 GMT+0900 (KST)
[debug] ----------------------------------------------------------------------
[debug] 
[debug] > command requires scopes: ["email","openid","https://www.googleapis.com/auth/cloudplatformprojects.readonly","https://www.googleapis.com/auth/firebase"]
[debug] >>> HTTP REQUEST GET https://admin.firebase.com/v1/projects/project20161221-274f7 
[debug] <<< HTTP RESPONSE 200
[debug] >>> HTTP REQUEST GET https://admin.firebase.com/v1/database/project20161221-274f7/tokens 
[debug] <<< HTTP RESPONSE 200
[info] 
[info] === Deploying to 'project20161221-274f7'...
[info] 
[info] i  deploying database, hosting
[info] ✔  database: rules ready to deploy.
[info] i  hosting: preparing public directory for upload...
[debug] >>> HTTP REQUEST PUT https://deploy.firebase.com/v1/hosting/project20161221-274f7/uploads/-K_E9HfD2PGj-rqVyQp3?fileCount=21&message= 
[debug] Error: write EPIPE
    at exports._errnoException (util.js:1022:11)
    at WriteWrap.afterWrite (net.js:801:14)
[error] 
[error] Error: Server Error. write EPIPE
